PASS file exists: apps/server/src/runtime/twin_runtime/forecast_continuation_record_set_builder_v1.ts
PASS file exists: docs/digital_twin/GEOX-DT-02-MCFT-IMPLEMENTATION-MAP.md
PASS file exists: docs/digital_twin/GEOX-MCFT-VERTICAL-CAPABILITY-LINE-MATRIX.json
PASS file exists: docs/digital_twin/mcft/cap_04/GEOX-MCFT-CAP-04-A1-A2-RECORD-SET-BUILDERS-CONTRACT.json
PASS file exists: docs/digital_twin/mcft/cap_04/GEOX-MCFT-CAP-04-A1-A2-RECORD-SET-BUILDERS-V1.md
PASS file exists: docs/digital_twin/mcft/cap_04/GEOX-MCFT-CAP-04-AUTHORIZATION-STATUS.json
PASS file exists: docs/digital_twin/mcft/cap_04/GEOX-MCFT-CAP-04-DELIVERY-SLICE-STATUS.json
PASS file exists: docs/digital_twin/mcft/cap_04/GEOX-MCFT-CAP-04-S4-PURE-SCENARIO-MATH-STATUS.json
PASS file exists: docs/digital_twin/mcft/cap_04/GEOX-MCFT-CAP-04-S5A-A1-A2-BUILDERS-STATUS.json
PASS file exists: scripts/governance_acceptance/ACCEPTANCE_MCFT_CAP_04_S5A_A1_A2_BUILDERS.cjs
PASS file exists: scripts/runtime_acceptance/ACCEPTANCE_MCFT_CAP_04_A1_A2_RECORD_SET_BUILDERS.ts
PASS file exists: scripts/runtime_acceptance/ACCEPTANCE_MCFT_CAP_04_A1_A2_RECORD_SET_BUILDERS_NEGATIVE.ts
PASS file exists: scripts/runtime_acceptance/mcft_cap_04_a1_a2_record_set_fixture_v1.ts
PASS complete task byte length exact
PASS complete task SHA exact
PASS S4 status merged effective
PASS S4 effectiveness satisfied
PASS S4 PR exact
PASS S4 exact head exact
PASS S4 exact-head CI exact
PASS S4 merge commit exact
PASS S4 postmerge probe PR exact
PASS S4 postmerge workflow exact
PASS S4 postmerge Gate PASS
PASS S5A status candidate exact
PASS S5A baseline exact
PASS S5A branch exact
PASS S5A Runtime source authorized
PASS S5A activation fields frozen
PASS S5A member counts exact
PASS S5A database access false
PASS S5A status changed-file boundary is array
PASS S5A status changed-file boundary exact
PASS builder contract ID exact
PASS A1 contract exact
PASS A2 contract exact
PASS contract member counts exact
PASS shared terminal uniqueness true
PASS contract pure no-persistence boundary
PASS delivery status S5A candidate
PASS delivery activation identity exact
PASS delivery active slice S5A
PASS delivery S4 merged effective
PASS delivery S5A activated and frozen
PASS delivery S5A changed-file boundary is array
PASS delivery S5A changed-file boundary exact
PASS S5B remains blocked
PASS authorization remains effective
PASS authorization active S5A
PASS authorization write scope S5A exact
PASS matrix CAP-04 remains in progress and frozen
PASS matrix delivery pointers exact
PASS apps/server/src/runtime/twin_runtime/forecast_continuation_record_set_builder_v1.ts marker buildCap04CompletedForecastRecordSetV1
PASS apps/server/src/runtime/twin_runtime/forecast_continuation_record_set_builder_v1.ts marker buildCap04BlockedForecastRecordSetV1
FAIL apps/server/src/runtime/twin_runtime/forecast_continuation_record_set_builder_v1.ts marker A1_COMPLETED
FAIL apps/server/src/runtime/twin_runtime/forecast_continuation_record_set_builder_v1.ts marker A2_BLOCKED_FORECAST
PASS apps/server/src/runtime/twin_runtime/forecast_continuation_record_set_builder_v1.ts marker stop_after_blocked_forecast
PASS apps/server/src/runtime/twin_runtime/forecast_continuation_record_set_builder_v1.ts marker validateCap04ARecordSetV1
FAIL scripts/runtime_acceptance/ACCEPTANCE_MCFT_CAP_04_A1_A2_RECORD_SET_BUILDERS.ts marker shared cross-variant terminal tick uniqueness identity
PASS scripts/runtime_acceptance/ACCEPTANCE_MCFT_CAP_04_A1_A2_RECORD_SET_BUILDERS.ts marker 24 standard ticks produce 24 distinct valid A1 record-set candidates
PASS scripts/runtime_acceptance/ACCEPTANCE_MCFT_CAP_04_A1_A2_RECORD_SET_BUILDERS_NEGATIVE.ts marker A1 builder rejects BLOCKED Forecast payload
PASS scripts/runtime_acceptance/ACCEPTANCE_MCFT_CAP_04_A1_A2_RECORD_SET_BUILDERS_NEGATIVE.ts marker A2 builder rejects COMPLETED Forecast payload
PASS final changed-file boundary is array
FAIL final changed-file boundary exact
PASS no migration changed
PASS no persistence changed
PASS no route changed
PASS no web changed
PASS no projection changed
PASS no workflow changed
FAIL no diagnostic evidence committed
PASS final Gate runs on S5A branch
PASS final origin/main equals S4 merge baseline
PASS git diff --check PASS
MCFT-CAP-04 S5A governance final: 69 PASS, 5 FAIL
