PASS isolated PostgreSQL schema and the single additive CAP-04 migration initialize
PASS A1 fault injection rolls back facts, uniqueness guard, pointers and projections atomically
PASS A1 commits eight canonical facts, terminal uniqueness, pointer CAS and 72 Forecast points atomically
PASS A1 response-loss replay is idempotent and creates no duplicate facts or guards
AssertionError [ERR_ASSERTION]: The input did not match the regular expression /TERMINAL_TICK_VARIANT_CONFLICT|CAP04_PERSISTENCE_UNIQUENESS_CONFLICT/. Input:

'Error: STATE_LATEST_CAS_CONFLICT'

    at process.processTicksAndRejections (node:internal/process/task_queues:95:5)
    at async main (/home/runner/work/GEOX/GEOX/scripts/runtime_acceptance/ACCEPTANCE_MCFT_CAP_04_PERSISTENCE_DB.ts:139:5) {
  generatedMessage: true,
  code: 'ERR_ASSERTION',
  actual: Error: STATE_LATEST_CAS_CONFLICT
      at PostgresForecastScenarioRepositoryV1.verifyAExpectedPointersV1 (/home/runner/work/GEOX/GEOX/apps/server/src/persistence/twin_runtime/postgres_forecast_scenario_repository_v1.ts:150:105)
      at process.processTicksAndRejections (node:internal/process/task_queues:95:5)
      at async PostgresForecastScenarioRepositoryV1.commitARecordSet (/home/runner/work/GEOX/GEOX/apps/server/src/persistence/twin_runtime/postgres_forecast_scenario_repository_v1.ts:286:7)
      at async waitForActual (node:assert:533:5)
      at async Function.rejects (node:assert:654:25)
      at async main (/home/runner/work/GEOX/GEOX/scripts/runtime_acceptance/ACCEPTANCE_MCFT_CAP_04_PERSISTENCE_DB.ts:139:5),
  expected: /TERMINAL_TICK_VARIANT_CONFLICT|CAP04_PERSISTENCE_UNIQUENESS_CONFLICT/,
  operator: 'rejects'
}
